<?xml version="1.0" encoding="UTF-8"?>
<testng-results ignored="0" total="2" passed="2" failed="0" skipped="0">
  <reporter-output>
  </reporter-output>
  <suite started-at="2022-06-19T14:28:32 IST" name="Suite" finished-at="2022-06-19T14:29:08 IST" duration-ms="36304">
    <groups>
    </groups>
    <test started-at="2022-06-19T14:28:32 IST" name="Test" finished-at="2022-06-19T14:29:08 IST" duration-ms="36304">
      <class name="com.qa.test.TestA">
        <test-method is-config="true" signature="testBase(java.lang.String)[pri:0, instance:com.qa.test.TestA@4ec4f3a0]" started-at="2022-06-19T14:28:32 IST" name="testBase" finished-at="2022-06-19T14:29:08 IST" duration-ms="36058" status="PASS">
          <params>
            <param index="0">
              <value>
                <![CDATA[chrome]]>
              </value>
            </param>
          </params>
          <reporter-output>
          </reporter-output>
        </test-method> <!-- testBase -->
        <test-method signature="MethodA()[pri:0, instance:com.qa.test.TestA@4ec4f3a0]" started-at="2022-06-19T14:29:08 IST" name="MethodA" finished-at="2022-06-19T14:29:08 IST" duration-ms="146" status="PASS">
          <reporter-output>
          </reporter-output>
        </test-method> <!-- MethodA -->
        <test-method signature="MethodB()[pri:0, instance:com.qa.test.TestA@4ec4f3a0]" started-at="2022-06-19T14:29:08 IST" name="MethodB" finished-at="2022-06-19T14:29:08 IST" duration-ms="10" status="PASS">
          <reporter-output>
          </reporter-output>
        </test-method> <!-- MethodB -->
      </class> <!-- com.qa.test.TestA -->
    </test> <!-- Test -->
  </suite> <!-- Suite -->
</testng-results>
